<?xml version="1.0" encoding="UTF-8"?>
<!-- Generated by org.testng.reporters.JUnitReportReporter -->
<testsuite hostname="appus-HP-Pavilion-g6-Notebook-PC" failures="0" tests="48" name="com.simplogics.testcases.APIS" time="99.489" errors="0" timestamp="22 Jun 2021 06:41:30 GMT" skipped="45">
  <testcase classname="com.simplogics.testcases.APIS" name="Apis" time="0.078">
    <skipped/>
  </testcase> <!-- Apis -->
  <testcase classname="com.simplogics.testcases.APIS" name="Apis" time="0.061">
    <skipped/>
  </testcase> <!-- Apis -->
  <testcase classname="com.simplogics.testcases.APIS" name="Apis" time="0.044">
    <skipped/>
  </testcase> <!-- Apis -->
  <testcase classname="com.simplogics.testcases.APIS" name="Apis" time="0.030">
    <skipped/>
  </testcase> <!-- Apis -->
  <testcase classname="com.simplogics.testcases.APIS" name="Apis" time="0.041">
    <skipped/>
  </testcase> <!-- Apis -->
  <testcase classname="com.simplogics.testcases.APIS" name="Apis" time="0.032">
    <skipped/>
  </testcase> <!-- Apis -->
  <testcase classname="com.simplogics.testcases.APIS" name="Apis" time="0.060">
    <skipped/>
  </testcase> <!-- Apis -->
  <testcase classname="com.simplogics.testcases.APIS" name="Apis" time="0.087">
    <skipped/>
  </testcase> <!-- Apis -->
  <testcase classname="com.simplogics.testcases.APIS" name="Apis" time="32.154"/>
  <testcase classname="com.simplogics.testcases.APIS" name="Apis" time="0.077">
    <skipped/>
  </testcase> <!-- Apis -->
  <testcase classname="com.simplogics.testcases.APIS" name="Apis" time="0.081">
    <skipped/>
  </testcase> <!-- Apis -->
  <testcase classname="com.simplogics.testcases.APIS" name="Apis" time="0.372">
    <skipped/>
  </testcase> <!-- Apis -->
  <testcase classname="com.simplogics.testcases.APIS" name="Apis" time="31.218"/>
  <testcase classname="com.simplogics.testcases.APIS" name="Apis" time="0.103">
    <skipped/>
  </testcase> <!-- Apis -->
  <testcase classname="com.simplogics.testcases.APIS" name="Apis" time="0.059">
    <skipped/>
  </testcase> <!-- Apis -->
  <testcase classname="com.simplogics.testcases.APIS" name="Apis" time="0.162">
    <skipped/>
  </testcase> <!-- Apis -->
  <testcase classname="com.simplogics.testcases.APIS" name="Apis" time="0.100">
    <skipped/>
  </testcase> <!-- Apis -->
  <testcase classname="com.simplogics.testcases.APIS" name="Apis" time="0.131">
    <skipped/>
  </testcase> <!-- Apis -->
  <testcase classname="com.simplogics.testcases.APIS" name="Apis" time="0.034">
    <skipped/>
  </testcase> <!-- Apis -->
  <testcase classname="com.simplogics.testcases.APIS" name="Apis" time="0.066">
    <skipped/>
  </testcase> <!-- Apis -->
  <testcase classname="com.simplogics.testcases.APIS" name="Apis" time="0.044">
    <skipped/>
  </testcase> <!-- Apis -->
  <testcase classname="com.simplogics.testcases.APIS" name="Apis" time="0.069">
    <skipped/>
  </testcase> <!-- Apis -->
  <testcase classname="com.simplogics.testcases.APIS" name="Apis" time="0.027">
    <skipped/>
  </testcase> <!-- Apis -->
  <testcase classname="com.simplogics.testcases.APIS" name="Apis" time="0.065">
    <skipped/>
  </testcase> <!-- Apis -->
  <testcase classname="com.simplogics.testcases.APIS" name="Apis" time="0.071">
    <skipped/>
  </testcase> <!-- Apis -->
  <testcase classname="com.simplogics.testcases.APIS" name="Apis" time="0.053">
    <skipped/>
  </testcase> <!-- Apis -->
  <testcase classname="com.simplogics.testcases.APIS" name="Apis" time="0.058">
    <skipped/>
  </testcase> <!-- Apis -->
  <testcase classname="com.simplogics.testcases.APIS" name="Apis" time="0.085">
    <skipped/>
  </testcase> <!-- Apis -->
  <testcase classname="com.simplogics.testcases.APIS" name="Apis" time="0.038">
    <skipped/>
  </testcase> <!-- Apis -->
  <testcase classname="com.simplogics.testcases.APIS" name="Apis" time="0.041">
    <skipped/>
  </testcase> <!-- Apis -->
  <testcase classname="com.simplogics.testcases.APIS" name="Apis" time="0.058">
    <skipped/>
  </testcase> <!-- Apis -->
  <testcase classname="com.simplogics.testcases.APIS" name="Apis" time="0.112">
    <skipped/>
  </testcase> <!-- Apis -->
  <testcase classname="com.simplogics.testcases.APIS" name="Apis" time="0.025">
    <skipped/>
  </testcase> <!-- Apis -->
  <testcase classname="com.simplogics.testcases.APIS" name="Apis" time="0.061">
    <skipped/>
  </testcase> <!-- Apis -->
  <testcase classname="com.simplogics.testcases.APIS" name="Apis" time="0.100">
    <skipped/>
  </testcase> <!-- Apis -->
  <testcase classname="com.simplogics.testcases.APIS" name="Apis" time="0.056">
    <skipped/>
  </testcase> <!-- Apis -->
  <testcase classname="com.simplogics.testcases.APIS" name="Apis" time="0.258">
    <skipped/>
  </testcase> <!-- Apis -->
  <testcase classname="com.simplogics.testcases.APIS" name="Apis" time="0.647">
    <skipped/>
  </testcase> <!-- Apis -->
  <testcase classname="com.simplogics.testcases.APIS" name="Apis" time="0.085">
    <skipped/>
  </testcase> <!-- Apis -->
  <testcase classname="com.simplogics.testcases.APIS" name="Apis" time="0.059">
    <skipped/>
  </testcase> <!-- Apis -->
  <testcase classname="com.simplogics.testcases.APIS" name="Apis" time="0.033">
    <skipped/>
  </testcase> <!-- Apis -->
  <testcase classname="com.simplogics.testcases.APIS" name="Apis" time="32.087"/>
  <testcase classname="com.simplogics.testcases.APIS" name="Apis" time="0.031">
    <skipped/>
  </testcase> <!-- Apis -->
  <testcase classname="com.simplogics.testcases.APIS" name="Apis" time="0.099">
    <skipped/>
  </testcase> <!-- Apis -->
  <testcase classname="com.simplogics.testcases.APIS" name="Apis" time="0.092">
    <skipped/>
  </testcase> <!-- Apis -->
  <testcase classname="com.simplogics.testcases.APIS" name="Apis" time="0.027">
    <skipped/>
  </testcase> <!-- Apis -->
  <testcase classname="com.simplogics.testcases.APIS" name="Apis" time="0.059">
    <skipped/>
  </testcase> <!-- Apis -->
  <testcase classname="com.simplogics.testcases.APIS" name="Apis" time="0.059">
    <skipped/>
  </testcase> <!-- Apis -->
</testsuite> <!-- com.simplogics.testcases.APIS -->
