<?xml version="1.0" encoding="UTF-8"?>
<!-- Generated by org.testng.reporters.JUnitReportReporter -->
<testsuite hostname="appus-HP-Pavilion-g6-Notebook-PC" failures="0" tests="1" name="com.simplogics.testcases.Loginpage" time="29.984" errors="0" timestamp="22 Jun 2021 06:41:30 GMT" skipped="0">
  <testcase classname="com.simplogics.testcases.Loginpage" name="loginpage" time="29.984"/>
</testsuite> <!-- com.simplogics.testcases.Loginpage -->
